Build started 4/21/2014 18:35:59.
     1>Project "C:\data\Facul\SPRING14\CSCE311\HW3\2A\2a_dLinkedList\2a_dLinkedList\2a_dLinkedList.vcxproj" on node 2 (build target(s)).
     1>InitializeBuildStatus:
         Creating "Debug\2a_dLinkedList.unsuccessfulbuild" because "AlwaysCreate" was specified.
       ClCompile:
         c:\Program Files (x86)\Microsoft Visual Studio 10.0\VC\bin\CL.exe /c /ZI /nologo /W3 /WX- /Od /Oy- /D WIN32 /D _DEBUG /D _CONSOLE /D _UNICODE /D UNICODE /Gm /EHsc /RTC1 /MDd /GS /fp:precise /Zc:wchar_t /Zc:forScope /Fo"Debug\\" /Fd"Debug\vc100.pdb" /Gd /TP /analyze- /errorReport:prompt main.cpp MyList.cpp Node.cpp
         Node.cpp
         MyList.cpp
         main.cpp
         Generating Code...
       ManifestResourceCompile:
         c:\Program Files (x86)\Microsoft SDKs\Windows\v7.0A\bin\rc.exe /nologo /fo"Debug\2a_dLinkedList.exe.embed.manifest.res" Debug\2a_dLinkedList_manifest.rc 
       Link:
         c:\Program Files (x86)\Microsoft Visual Studio 10.0\VC\bin\link.exe /ERRORREPORT:PROMPT /OUT:"C:\data\Facul\SPRING14\CSCE311\HW3\2A\2a_dLinkedList\Debug\2a_dLinkedList.exe" /INCREMENTAL /NOLOGO kernel32.lib user32.lib gdi32.lib winspool.lib comdlg32.lib advapi32.lib shell32.lib ole32.lib oleaut32.lib uuid.lib odbc32.lib odbccp32.lib /MANIFEST /ManifestFile:"Debug\2a_dLinkedList.exe.intermediate.manifest" /MANIFESTUAC:"level='asInvoker' uiAccess='false'" /DEBUG /PDB:"C:\data\Facul\SPRING14\CSCE311\HW3\2A\2a_dLinkedList\Debug\2a_dLinkedList.pdb" /SUBSYSTEM:CONSOLE /TLBID:1 /DYNAMICBASE /NXCOMPAT /IMPLIB:"C:\data\Facul\SPRING14\CSCE311\HW3\2A\2a_dLinkedList\Debug\2a_dLinkedList.lib" /MACHINE:X86 Debug\2a_dLinkedList.exe.embed.manifest.res
         Debug\main.obj
         Debug\MyList.obj
         Debug\Node.obj
       Manifest:
         c:\Program Files (x86)\Microsoft SDKs\Windows\v7.0A\bin\mt.exe /nologo /verbose /out:"Debug\2a_dLinkedList.exe.embed.manifest" /manifest Debug\2a_dLinkedList.exe.intermediate.manifest
         c:\Program Files (x86)\Microsoft SDKs\Windows\v7.0A\bin\rc.exe /nologo /fo"Debug\2a_dLinkedList.exe.embed.manifest.res" Debug\2a_dLinkedList_manifest.rc 
       LinkEmbedManifest:
         c:\Program Files (x86)\Microsoft Visual Studio 10.0\VC\bin\link.exe /ERRORREPORT:PROMPT /OUT:"C:\data\Facul\SPRING14\CSCE311\HW3\2A\2a_dLinkedList\Debug\2a_dLinkedList.exe" /INCREMENTAL /NOLOGO kernel32.lib user32.lib gdi32.lib winspool.lib comdlg32.lib advapi32.lib shell32.lib ole32.lib oleaut32.lib uuid.lib odbc32.lib odbccp32.lib /MANIFEST /ManifestFile:"Debug\2a_dLinkedList.exe.intermediate.manifest" /MANIFESTUAC:"level='asInvoker' uiAccess='false'" /DEBUG /PDB:"C:\data\Facul\SPRING14\CSCE311\HW3\2A\2a_dLinkedList\Debug\2a_dLinkedList.pdb" /SUBSYSTEM:CONSOLE /TLBID:1 /DYNAMICBASE /NXCOMPAT /IMPLIB:"C:\data\Facul\SPRING14\CSCE311\HW3\2A\2a_dLinkedList\Debug\2a_dLinkedList.lib" /MACHINE:X86 Debug\2a_dLinkedList.exe.embed.manifest.res
         Debug\main.obj
         Debug\MyList.obj
         Debug\Node.obj
         2a_dLinkedList.vcxproj -> C:\data\Facul\SPRING14\CSCE311\HW3\2A\2a_dLinkedList\Debug\2a_dLinkedList.exe
       FinalizeBuildStatus:
         Deleting file "Debug\2a_dLinkedList.unsuccessfulbuild".
         Touching "Debug\2a_dLinkedList.lastbuildstate".
     1>Done Building Project "C:\data\Facul\SPRING14\CSCE311\HW3\2A\2a_dLinkedList\2a_dLinkedList\2a_dLinkedList.vcxproj" (build target(s)).

Build succeeded.

Time Elapsed 00:00:02.67
