C:\data\Facul\SPRING14\CSCE311\HW3\2A\2a_dLinkedList\2a_dLinkedList\Debug\cl.command.1.tlog
C:\data\Facul\SPRING14\CSCE311\HW3\2A\2a_dLinkedList\2a_dLinkedList\Debug\CL.read.1.tlog
C:\data\Facul\SPRING14\CSCE311\HW3\2A\2a_dLinkedList\2a_dLinkedList\Debug\CL.write.1.tlog
C:\data\Facul\SPRING14\CSCE311\HW3\2A\2a_dLinkedList\2a_dLinkedList\Debug\link.command.1.tlog
C:\data\Facul\SPRING14\CSCE311\HW3\2A\2a_dLinkedList\2a_dLinkedList\Debug\link.read.1.tlog
C:\data\Facul\SPRING14\CSCE311\HW3\2A\2a_dLinkedList\2a_dLinkedList\Debug\link.write.1.tlog
C:\data\Facul\SPRING14\CSCE311\HW3\2A\2a_dLinkedList\2a_dLinkedList\Debug\link-cvtres.read.1.tlog
C:\data\Facul\SPRING14\CSCE311\HW3\2A\2a_dLinkedList\2a_dLinkedList\Debug\link-cvtres.write.1.tlog
C:\data\Facul\SPRING14\CSCE311\HW3\2A\2a_dLinkedList\2a_dLinkedList\Debug\link-rc.read.1.tlog
C:\data\Facul\SPRING14\CSCE311\HW3\2A\2a_dLinkedList\2a_dLinkedList\Debug\link-rc.write.1.tlog
C:\data\Facul\SPRING14\CSCE311\HW3\2A\2a_dLinkedList\2a_dLinkedList\Debug\main.obj
C:\data\Facul\SPRING14\CSCE311\HW3\2A\2a_dLinkedList\2a_dLinkedList\Debug\MyList.obj
C:\data\Facul\SPRING14\CSCE311\HW3\2A\2a_dLinkedList\2a_dLinkedList\Debug\Node.obj
C:\data\Facul\SPRING14\CSCE311\HW3\2A\2a_dLinkedList\2a_dLinkedList\Debug\vc110.idb
C:\data\Facul\SPRING14\CSCE311\HW3\2A\2a_dLinkedList\2a_dLinkedList\Debug\vc110.pdb
C:\data\Facul\SPRING14\CSCE311\HW3\2A\2a_dLinkedList\Debug\2a_dLinkedList.ilk
C:\data\Facul\SPRING14\CSCE311\HW3\2A\2a_dLinkedList\Debug\2a_dLinkedList.pdb
C:\USERS\ADMINISTRATOR\DOCUMENTS\VISUAL STUDIO 2012\PROJECTS\2A_DLINKEDLIST\2A_DLINKEDLIST\DEBUG\MAIN.OBJ
C:\USERS\ADMINISTRATOR\DOCUMENTS\VISUAL STUDIO 2012\PROJECTS\2A_DLINKEDLIST\2A_DLINKEDLIST\DEBUG\MYLIST.OBJ
C:\USERS\ADMINISTRATOR\DOCUMENTS\VISUAL STUDIO 2012\PROJECTS\2A_DLINKEDLIST\2A_DLINKEDLIST\DEBUG\NODE.OBJ
C:\USERS\ADMINISTRATOR\DOCUMENTS\VISUAL STUDIO 2012\PROJECTS\2A_DLINKEDLIST\2A_DLINKEDLIST\DEBUG\VC110.PDB
C:\USERS\ADMINISTRATOR\DOCUMENTS\VISUAL STUDIO 2012\PROJECTS\2A_DLINKEDLIST\DEBUG\2A_DLINKEDLIST.EXE
C:\USERS\ADMINISTRATOR\DOCUMENTS\VISUAL STUDIO 2012\PROJECTS\2A_DLINKEDLIST\DEBUG\2A_DLINKEDLIST.ILK
C:\USERS\ADMINISTRATOR\DOCUMENTS\VISUAL STUDIO 2012\PROJECTS\2A_DLINKEDLIST\DEBUG\2A_DLINKEDLIST.PDB
